{"contracts/Lottery.sol":{"l":{"56":3,"57":3,"58":3,"59":3,"60":3,"61":3,"62":3,"63":3,"67":5,"68":1,"70":4,"71":1,"73":3,"74":3,"78":0,"79":0,"80":0,"82":0,"83":0,"84":0,"86":0,"87":0,"102":1,"103":1,"104":1,"105":1,"106":1,"110":1,"111":1,"112":0,"118":1,"130":5,"134":1,"138":0,"142":0,"146":0,"150":0,"154":5,"158":0,"162":5},"path":"/Users/stefaniapozzi/Personal/blockchain/lottery/contracts/Lottery.sol","s":{"1":5,"2":4,"3":3,"4":3,"5":0,"6":0,"7":0,"8":0,"9":1,"10":1,"11":1,"12":1,"13":1,"14":1,"15":5,"16":1,"17":0,"18":0,"19":0,"20":0,"21":5,"22":0,"23":5},"b":{"1":[1,4],"2":[1,3],"3":[0,0],"4":[0,1]},"f":{"1":3,"2":5,"3":0,"4":1,"5":1,"6":5,"7":1,"8":0,"9":0,"10":0,"11":0,"12":5,"13":0,"14":5},"fnMap":{"1":{"name":"constructor","line":55,"loc":{"start":{"line":48,"column":4},"end":{"line":64,"column":4}}},"2":{"name":"enterLottery","line":66,"loc":{"start":{"line":66,"column":4},"end":{"line":75,"column":4}}},"3":{"name":"fulfillRandomWords","line":77,"loc":{"start":{"line":77,"column":4},"end":{"line":89,"column":4}}},"4":{"name":"checkUpkeep","line":99,"loc":{"start":{"line":99,"column":4},"end":{"line":107,"column":4}}},"5":{"name":"performUpkeep","line":109,"loc":{"start":{"line":109,"column":4},"end":{"line":127,"column":4}}},"6":{"name":"getEntranceFee","line":129,"loc":{"start":{"line":129,"column":4},"end":{"line":131,"column":4}}},"7":{"name":"getPlayers","line":133,"loc":{"start":{"line":133,"column":4},"end":{"line":135,"column":4}}},"8":{"name":"getRecentWinner","line":137,"loc":{"start":{"line":137,"column":4},"end":{"line":139,"column":4}}},"9":{"name":"getNumWords","line":141,"loc":{"start":{"line":141,"column":4},"end":{"line":143,"column":4}}},"10":{"name":"getLatestTimestamp","line":145,"loc":{"start":{"line":145,"column":4},"end":{"line":147,"column":4}}},"11":{"name":"getRequestConfirmations","line":149,"loc":{"start":{"line":149,"column":4},"end":{"line":151,"column":4}}},"12":{"name":"getLotteryState","line":153,"loc":{"start":{"line":153,"column":4},"end":{"line":155,"column":4}}},"13":{"name":"getNumberOfPlayers","line":157,"loc":{"start":{"line":157,"column":4},"end":{"line":159,"column":4}}},"14":{"name":"getInterval","line":161,"loc":{"start":{"line":161,"column":4},"end":{"line":163,"column":4}}}},"statementMap":{"1":{"start":{"line":67,"column":8},"end":{"line":67,"column":2314}},"2":{"start":{"line":70,"column":8},"end":{"line":70,"column":2421}},"3":{"start":{"line":73,"column":8},"end":{"line":73,"column":42}},"4":{"start":{"line":74,"column":8},"end":{"line":74,"column":37}},"5":{"start":{"line":78,"column":8},"end":{"line":78,"column":65}},"6":{"start":{"line":79,"column":8},"end":{"line":79,"column":57}},"7":{"start":{"line":82,"column":8},"end":{"line":82,"column":72}},"8":{"start":{"line":83,"column":8},"end":{"line":83,"column":2948}},"9":{"start":{"line":102,"column":8},"end":{"line":102,"column":57}},"10":{"start":{"line":103,"column":8},"end":{"line":103,"column":82}},"11":{"start":{"line":104,"column":8},"end":{"line":104,"column":46}},"12":{"start":{"line":105,"column":8},"end":{"line":105,"column":51}},"13":{"start":{"line":110,"column":8},"end":{"line":110,"column":47}},"14":{"start":{"line":111,"column":8},"end":{"line":111,"column":4060}},"15":{"start":{"line":130,"column":8},"end":{"line":130,"column":28}},"16":{"start":{"line":134,"column":8},"end":{"line":134,"column":31}},"17":{"start":{"line":138,"column":8},"end":{"line":138,"column":23}},"18":{"start":{"line":142,"column":8},"end":{"line":142,"column":24}},"19":{"start":{"line":146,"column":8},"end":{"line":146,"column":35}},"20":{"start":{"line":150,"column":8},"end":{"line":150,"column":35}},"21":{"start":{"line":154,"column":8},"end":{"line":154,"column":29}},"22":{"start":{"line":158,"column":8},"end":{"line":158,"column":31}},"23":{"start":{"line":162,"column":8},"end":{"line":162,"column":25}}},"branchMap":{"1":{"line":67,"type":"if","locations":[{"start":{"line":67,"column":8},"end":{"line":67,"column":8}},{"start":{"line":67,"column":8},"end":{"line":67,"column":8}}]},"2":{"line":70,"type":"if","locations":[{"start":{"line":70,"column":8},"end":{"line":70,"column":8}},{"start":{"line":70,"column":8},"end":{"line":70,"column":8}}]},"3":{"line":83,"type":"if","locations":[{"start":{"line":83,"column":8},"end":{"line":83,"column":8}},{"start":{"line":83,"column":8},"end":{"line":83,"column":8}}]},"4":{"line":111,"type":"if","locations":[{"start":{"line":111,"column":8},"end":{"line":111,"column":8}},{"start":{"line":111,"column":8},"end":{"line":111,"column":8}}]}}},"contracts/test/VRFCoordinatorV2Mock.sol":{"l":{},"path":"/Users/stefaniapozzi/Personal/blockchain/lottery/contracts/test/VRFCoordinatorV2Mock.sol","s":{},"b":{},"f":{},"fnMap":{},"statementMap":{},"branchMap":{}}}