TN:
SF:/Users/stefaniapozzi/Personal/blockchain/lottery/contracts/Lottery.sol
FN:55,constructor
FN:66,enterLottery
FN:77,fulfillRandomWords
FN:99,checkUpkeep
FN:109,performUpkeep
FN:129,getEntranceFee
FN:133,getPlayers
FN:137,getRecentWinner
FN:141,getNumWords
FN:145,getLatestTimestamp
FN:149,getRequestConfirmations
FN:153,getLotteryState
FN:157,getNumberOfPlayers
FN:161,getInterval
FNF:14
FNH:8
FNDA:3,constructor
FNDA:5,enterLottery
FNDA:0,fulfillRandomWords
FNDA:1,checkUpkeep
FNDA:1,performUpkeep
FNDA:5,getEntranceFee
FNDA:1,getPlayers
FNDA:0,getRecentWinner
FNDA:0,getNumWords
FNDA:0,getLatestTimestamp
FNDA:0,getRequestConfirmations
FNDA:5,getLotteryState
FNDA:0,getNumberOfPlayers
FNDA:5,getInterval
DA:56,3
DA:57,3
DA:58,3
DA:59,3
DA:60,3
DA:61,3
DA:62,3
DA:63,3
DA:67,5
DA:68,1
DA:70,4
DA:71,1
DA:73,3
DA:74,3
DA:78,0
DA:79,0
DA:80,0
DA:82,0
DA:83,0
DA:84,0
DA:86,0
DA:87,0
DA:102,1
DA:103,1
DA:104,1
DA:105,1
DA:106,1
DA:110,1
DA:111,1
DA:112,0
DA:118,1
DA:130,5
DA:134,1
DA:138,0
DA:142,0
DA:146,0
DA:150,0
DA:154,5
DA:158,0
DA:162,5
LF:40
LH:26
BRDA:67,1,0,1
BRDA:67,1,1,4
BRDA:70,2,0,1
BRDA:70,2,1,3
BRDA:83,3,0,0
BRDA:83,3,1,0
BRDA:111,4,0,0
BRDA:111,4,1,1
BRF:8
BRH:5
end_of_record
TN:
SF:/Users/stefaniapozzi/Personal/blockchain/lottery/contracts/test/VRFCoordinatorV2Mock.sol
FNF:0
FNH:0
LF:0
LH:0
BRF:0
BRH:0
end_of_record
